C:\Users\EmbLab\documents\visual studio 2010\Projects\cl\cl\Debug\cl.command.1.tlog
C:\USERS\EMBLAB\DOCUMENTS\VISUAL STUDIO 2010\PROJECTS\CL\CL\DEBUG\CL.EXE.EMBED.MANIFEST
C:\USERS\EMBLAB\DOCUMENTS\VISUAL STUDIO 2010\PROJECTS\CL\CL\DEBUG\CL.EXE.EMBED.MANIFEST.RES
C:\USERS\EMBLAB\DOCUMENTS\VISUAL STUDIO 2010\PROJECTS\CL\CL\DEBUG\CL.EXE.INTERMEDIATE.MANIFEST
C:\Users\EmbLab\documents\visual studio 2010\Projects\cl\cl\Debug\CL.read.1.tlog
C:\Users\EmbLab\documents\visual studio 2010\Projects\cl\cl\Debug\cl.vcxprojResolveAssemblyReference.cache
C:\Users\EmbLab\documents\visual studio 2010\Projects\cl\cl\Debug\cl.write.1.tlog
C:\Users\EmbLab\documents\visual studio 2010\Projects\cl\cl\Debug\cl_manifest.rc
C:\Users\EmbLab\documents\visual studio 2010\Projects\cl\cl\Debug\link.2220.read.1.tlog
C:\Users\EmbLab\documents\visual studio 2010\Projects\cl\cl\Debug\link.2220.write.1.tlog
C:\Users\EmbLab\documents\visual studio 2010\Projects\cl\cl\Debug\link.2220-cvtres.read.1.tlog
C:\Users\EmbLab\documents\visual studio 2010\Projects\cl\cl\Debug\link.2220-cvtres.write.1.tlog
C:\Users\EmbLab\documents\visual studio 2010\Projects\cl\cl\Debug\link.4244.read.1.tlog
C:\Users\EmbLab\documents\visual studio 2010\Projects\cl\cl\Debug\link.4244.write.1.tlog
C:\Users\EmbLab\documents\visual studio 2010\Projects\cl\cl\Debug\link.4244-cvtres.read.1.tlog
C:\Users\EmbLab\documents\visual studio 2010\Projects\cl\cl\Debug\link.4244-cvtres.write.1.tlog
C:\Users\EmbLab\documents\visual studio 2010\Projects\cl\cl\Debug\link.command.1.tlog
C:\Users\EmbLab\documents\visual studio 2010\Projects\cl\cl\Debug\link.read.1.tlog
C:\Users\EmbLab\documents\visual studio 2010\Projects\cl\cl\Debug\link.write.1.tlog
C:\Users\EmbLab\documents\visual studio 2010\Projects\cl\cl\Debug\link-cvtres.read.1.tlog
C:\Users\EmbLab\documents\visual studio 2010\Projects\cl\cl\Debug\link-cvtres.write.1.tlog
C:\Users\EmbLab\documents\visual studio 2010\Projects\cl\cl\Debug\mt.command.1.tlog
C:\Users\EmbLab\documents\visual studio 2010\Projects\cl\cl\Debug\mt.read.1.tlog
C:\Users\EmbLab\documents\visual studio 2010\Projects\cl\cl\Debug\mt.write.1.tlog
C:\USERS\EMBLAB\DOCUMENTS\VISUAL STUDIO 2010\PROJECTS\CL\CL\DEBUG\P.OBJ
C:\Users\EmbLab\documents\visual studio 2010\Projects\cl\cl\Debug\rc.command.1.tlog
C:\Users\EmbLab\documents\visual studio 2010\Projects\cl\cl\Debug\rc.read.1.tlog
C:\Users\EmbLab\documents\visual studio 2010\Projects\cl\cl\Debug\rc.write.1.tlog
C:\Users\EmbLab\documents\visual studio 2010\Projects\cl\cl\Debug\vc100.idb
C:\USERS\EMBLAB\DOCUMENTS\VISUAL STUDIO 2010\PROJECTS\CL\CL\DEBUG\VC100.PDB
C:\USERS\EMBLAB\DOCUMENTS\VISUAL STUDIO 2010\PROJECTS\CL\DEBUG\CL.EXE
C:\USERS\EMBLAB\DOCUMENTS\VISUAL STUDIO 2010\PROJECTS\CL\DEBUG\CL.ILK
C:\USERS\EMBLAB\DOCUMENTS\VISUAL STUDIO 2010\PROJECTS\CL\DEBUG\CL.PDB
